#
# There is insufficient memory for the Java Runtime Environment to continue.
# Native memory allocation (mmap) failed to map 2097152 bytes for G1 virtual space
# Possible reasons:
#   The system is out of physical RAM or swap space
#   The process is running with CompressedOops enabled, and the Java Heap may be blocking the growth of the native heap
# Possible solutions:
#   Reduce memory load on the system
#   Increase physical memory or swap space
#   Check if swap backing store is full
#   Decrease Java heap size (-Xmx/-Xms)
#   Decrease number of Java threads
#   Decrease Java thread stack sizes (-Xss)
#   Set larger code cache with -XX:ReservedCodeCacheSize=
#   JVM is running with Unscaled Compressed Oops mode in which the Java heap is
#     placed in the first 4GB address space. The Java Heap base address is the
#     maximum limit for the native heap growth. Please use -XX:HeapBaseMinAddress
#     to set the Java Heap base and to place the Java Heap above 4GB virtual address.
# This output file may be truncated or incomplete.
#
#  Out of Memory Error (os_windows.cpp:3769), pid=24332, tid=22060
#
# JRE version:  (17.0.6+1) (build )
# Java VM: OpenJDK 64-Bit Server VM (17.0.6+1-b653.34, mixed mode, sharing, tiered, compressed oops, compressed class ptrs, g1 gc, windows-amd64)
# No core dump will be written. Minidumps are not enabled by default on client versions of Windows
#

---------------  S U M M A R Y ------------

Command Line: -Dawt.toolkit=com.intellij.desktop.DesktopActionsToolkit -Djava.rmi.server.hostname=127.0.0.1 -Duser.timezone=UTC -Xmx750m -Xms128m --add-exports=java.desktop/sun.awt=ALL-UNNAMED --add-exports=java.desktop/java.awt.peer=ALL-UNNAMED --add-opens=java.desktop/java.awt=ALL-UNNAMED --add-opens=jdk.unsupported/sun.misc=ALL-UNNAMED --add-opens=java.base/java.nio=ALL-UNNAMED --add-opens=java.base/java.util=ALL-UNNAMED -Dfile.encoding=UTF-8 com.intellij.database.remote.RemoteJdbcServer com.mysql.cj.jdbc.Driver

Host: AMD Ryzen 7 5825U with Radeon Graphics         , 16 cores, 31G,  Windows 10 , 64 bit Build 19041 (10.0.19041.2546)
Time: Tue Apr 11 14:48:41 2023  Windows 10 , 64 bit Build 19041 (10.0.19041.2546) elapsed time: 0.010336 seconds (0d 0h 0m 0s)

---------------  T H R E A D  ---------------

Current thread (0x0000025afa05d0b0):  JavaThread "Unknown thread" [_thread_in_vm, id=22060, stack(0x0000006465000000,0x0000006465100000)]

Stack: [0x0000006465000000,0x0000006465100000]
Native frames: (J=compiled Java code, j=interpreted, Vv=VM code, C=native code)
V  [jvm.dll+0x683b4a]
V  [jvm.dll+0x842654]
V  [jvm.dll+0x843dfe]
V  [jvm.dll+0x844463]
V  [jvm.dll+0x249b75]
V  [jvm.dll+0x680a19]
V  [jvm.dll+0x674f0a]
V  [jvm.dll+0x309acb]
V  [jvm.dll+0x310f86]
V  [jvm.dll+0x360918]
V  [jvm.dll+0x360b1f]
V  [jvm.dll+0x2dfbf8]
V  [jvm.dll+0x2e0b64]
V  [jvm.dll+0x813f41]
V  [jvm.dll+0x36e6a1]
V  [jvm.dll+0x7f347c]
V  [jvm.dll+0x3f0e8f]
V  [jvm.dll+0x3f29d1]
C  [jli.dll+0x526b]
C  [ucrtbase.dll+0x21bb2]
C  [KERNEL32.DLL+0x17614]
C  [ntdll.dll+0x526a1]


---------------  P R O C E S S  ---------------

Threads class SMR info:
_java_thread_list=0x00007ff8caddc058, length=0, elements={
}

Java Threads: ( => current thread )

Other Threads:
  0x0000025afa093580 GCTaskThread "GC Thread#0" [stack: 0x0000006465100000,0x0000006465200000] [id=25628]
  0x0000025afa09b290 ConcurrentGCThread "G1 Main Marker" [stack: 0x0000006465200000,0x0000006465300000] [id=5720]
  0x0000025afa09c440 ConcurrentGCThread "G1 Conc#0" [stack: 0x0000006465300000,0x0000006465400000] [id=23112]

[error occurred during error reporting (printing all threads), id 0xc0000005, EXCEPTION_ACCESS_VIOLATION (0xc0000005) at pc=0x00007ff8ca590797]

VM state: not at safepoint (not fully initialized)

VM Mutex/Monitor currently owned by a thread:  ([mutex/lock_event])
[0x0000025afa058f00] Heap_lock - owner thread: 0x0000025afa05d0b0

Heap address: 0x00000000d1200000, size: 750 MB, Compressed Oops mode: 32-bit

CDS archive(s) mapped at: [0x0000000000000000-0x0000000000000000-0x0000000000000000), size 0, SharedBaseAddress: 0x0000000800000000, ArchiveRelocationMode: 0.
Narrow klass base: 0x0000000000000000, Narrow klass shift: 0, Narrow klass range: 0x0

GC Precious Log:
<Empty>

Heap:
 garbage-first heap   total 0K, used 0K [0x00000000d1200000, 0x0000000100000000)
  region size 1024K, 0 young (0K), 0 survivors (0K)

[error occurred during error reporting (printing heap information), id 0xc0000005, EXCEPTION_ACCESS_VIOLATION (0xc0000005) at pc=0x00007ff8ca97d939]

GC Heap History (0 events):
No events

Dll operation events (1 events):
Event: 0.006 Loaded shared library D:\idea\IntelliJ IDEA 2022.3.3\jbr\bin\java.dll

Deoptimization events (0 events):
No events

Classes unloaded (0 events):
No events

Classes redefined (0 events):
No events

Internal exceptions (0 events):
No events

VM Operations (0 events):
No events

Events (0 events):
No events


Dynamic libraries:
0x00007ff778ba0000 - 0x00007ff778baa000 	D:\idea\IntelliJ IDEA 2022.3.3\jbr\bin\java.exe
0x00007ff9287f0000 - 0x00007ff9289e8000 	C:\Windows\SYSTEM32\ntdll.dll
0x00007ff9270d0000 - 0x00007ff92718f000 	C:\Windows\System32\KERNEL32.DLL
0x00007ff926130000 - 0x00007ff926402000 	C:\Windows\System32\KERNELBASE.dll
0x00007ff8f1710000 - 0x00007ff8f1734000 	C:\Windows\System32\ghijt64win10.dll
0x00007ff9274e0000 - 0x00007ff92758e000 	C:\Windows\System32\ADVAPI32.dll
0x00007ff927330000 - 0x00007ff9273ce000 	C:\Windows\System32\msvcrt.dll
0x00007ff928430000 - 0x00007ff9284cc000 	C:\Windows\System32\sechost.dll
0x00007ff928680000 - 0x00007ff9287a4000 	C:\Windows\System32\RPCRT4.dll
0x00007ff9265e0000 - 0x00007ff9266e0000 	C:\Windows\System32\ucrtbase.dll
0x00007ff912c80000 - 0x00007ff912c97000 	D:\idea\IntelliJ IDEA 2022.3.3\jbr\bin\jli.dll
0x00007ff8fcfb0000 - 0x00007ff8fcfcb000 	D:\idea\IntelliJ IDEA 2022.3.3\jbr\bin\VCRUNTIME140.dll
0x00007ff927630000 - 0x00007ff9277d1000 	C:\Windows\System32\USER32.dll
0x00007ff90d9f0000 - 0x00007ff90dc8a000 	C:\Windows\WinSxS\amd64_microsoft.windows.common-controls_6595b64144ccf1df_6.0.19041.1110_none_60b5254171f9507e\COMCTL32.dll
0x00007ff926100000 - 0x00007ff926122000 	C:\Windows\System32\win32u.dll
0x00007ff927600000 - 0x00007ff92762b000 	C:\Windows\System32\GDI32.dll
0x00007ff926410000 - 0x00007ff92651f000 	C:\Windows\System32\gdi32full.dll
0x00007ff925f80000 - 0x00007ff92601d000 	C:\Windows\System32\msvcp_win.dll
0x00007ff8f1aa0000 - 0x00007ff8f1ac8000 	C:\Program Files (x86)\Qianxin\Tianqing\hookbase\x64\VCOMP140.DLL
0x00007ff927430000 - 0x00007ff927460000 	C:\Windows\System32\IMM32.DLL
0x00007ff923150000 - 0x00007ff92315c000 	D:\idea\IntelliJ IDEA 2022.3.3\jbr\bin\vcruntime140_1.dll
0x00007ff8e7630000 - 0x00007ff8e76bd000 	D:\idea\IntelliJ IDEA 2022.3.3\jbr\bin\msvcp140.dll
0x00007ff8ca2a0000 - 0x00007ff8caf0d000 	D:\idea\IntelliJ IDEA 2022.3.3\jbr\bin\server\jvm.dll
0x00007ff91e8e0000 - 0x00007ff91e8ea000 	C:\Windows\SYSTEM32\VERSION.dll
0x00007ff9230e0000 - 0x00007ff9230e9000 	C:\Windows\SYSTEM32\WSOCK32.dll
0x00007ff917de0000 - 0x00007ff917e07000 	C:\Windows\SYSTEM32\WINMM.dll
0x00007ff927590000 - 0x00007ff9275fb000 	C:\Windows\System32\WS2_32.dll
0x00007ff924790000 - 0x00007ff9247a2000 	C:\Windows\SYSTEM32\kernel.appcore.dll
0x00007ff920170000 - 0x00007ff92017a000 	D:\idea\IntelliJ IDEA 2022.3.3\jbr\bin\jimage.dll
0x00007ff923d80000 - 0x00007ff923f64000 	C:\Windows\SYSTEM32\DBGHELP.DLL
0x00007ff905530000 - 0x00007ff905565000 	C:\Windows\SYSTEM32\dbgcore.DLL
0x00007ff925ef0000 - 0x00007ff925f72000 	C:\Windows\System32\bcryptPrimitives.dll
0x00007ff91b770000 - 0x00007ff91b795000 	D:\idea\IntelliJ IDEA 2022.3.3\jbr\bin\java.dll

dbghelp: loaded successfully - version: 4.0.5 - missing functions: none
symbol engine: initialized successfully - sym options: 0x614 - pdb path: .;D:\idea\IntelliJ IDEA 2022.3.3\jbr\bin;C:\Windows\SYSTEM32;C:\Windows\WinSxS\amd64_microsoft.windows.common-controls_6595b64144ccf1df_6.0.19041.1110_none_60b5254171f9507e;C:\Program Files (x86)\Qianxin\Tianqing\hookbase\x64;D:\idea\IntelliJ IDEA 2022.3.3\jbr\bin\server

VM Arguments:
jvm_args: -Dawt.toolkit=com.intellij.desktop.DesktopActionsToolkit -Djava.rmi.server.hostname=127.0.0.1 -Duser.timezone=UTC -Xmx750m -Xms128m --add-exports=java.desktop/sun.awt=ALL-UNNAMED --add-exports=java.desktop/java.awt.peer=ALL-UNNAMED --add-opens=java.desktop/java.awt=ALL-UNNAMED --add-opens=jdk.unsupported/sun.misc=ALL-UNNAMED --add-opens=java.base/java.nio=ALL-UNNAMED --add-opens=java.base/java.util=ALL-UNNAMED -Dfile.encoding=UTF-8 
java_command: com.intellij.database.remote.RemoteJdbcServer com.mysql.cj.jdbc.Driver
java_class_path (initial): D:\idea\IntelliJ IDEA 2022.3.3\lib\util_rt.jar;D:\idea\IntelliJ IDEA 2022.3.3\lib\3rd-party-rt.jar;D:\idea\IntelliJ IDEA 2022.3.3\lib\groovy.jar;D:\idea\IntelliJ IDEA 2022.3.3\plugins\DatabaseTools\lib\jdbc-console.jar;D:\idea\IntelliJ IDEA 2022.3.3\plugins\grid-core-impl\lib\jdbc-console-types.jar;D:\Users\zh.cui\AppData\Roaming\JetBrains\IntelliJIdea2022.3\jdbc-drivers\MySQL ConnectorJ\8.0.25\mysql-connector-java-8.0.25.jar
Launcher Type: SUN_STANDARD

[Global flags]
     intx CICompilerCount                          = 12                                        {product} {ergonomic}
     uint ConcGCThreads                            = 3                                         {product} {ergonomic}
     uint G1ConcRefinementThreads                  = 13                                        {product} {ergonomic}
   size_t G1HeapRegionSize                         = 1048576                                   {product} {ergonomic}
    uintx GCDrainStackTargetSize                   = 64                                        {product} {ergonomic}
   size_t InitialHeapSize                          = 134217728                                 {product} {command line}
   size_t MarkStackSize                            = 4194304                                   {product} {ergonomic}
   size_t MaxHeapSize                              = 786432000                                 {product} {command line}
   size_t MinHeapDeltaBytes                        = 1048576                                   {product} {ergonomic}
   size_t MinHeapSize                              = 134217728                                 {product} {command line}
    uintx NonNMethodCodeHeapSize                   = 7602480                                {pd product} {ergonomic}
    uintx NonProfiledCodeHeapSize                  = 122027880                              {pd product} {ergonomic}
    uintx ProfiledCodeHeapSize                     = 122027880                              {pd product} {ergonomic}
    uintx ReservedCodeCacheSize                    = 251658240                              {pd product} {ergonomic}
     bool SegmentedCodeCache                       = true                                      {product} {ergonomic}
   size_t SoftMaxHeapSize                          = 786432000                              {manageable} {ergonomic}
     bool UseCompressedClassPointers               = true                           {product lp64_product} {ergonomic}
     bool UseCompressedOops                        = true                           {product lp64_product} {ergonomic}
     bool UseG1GC                                  = true                                      {product} {ergonomic}
     bool UseLargePagesIndividualAllocation        = false                                  {pd product} {ergonomic}

Logging:
Log output configuration:
 #0: stdout all=warning uptime,level,tags
 #1: stderr all=off uptime,level,tags

Environment Variables:
JAVA_HOME=C:\Program Files\Temurin\jdk-8.0.302.8-hotspot
PATH=C:\Program Files\Temurin\jdk-8.0.302.8-hotspot\bin;C:\ProgramData\Oracle\Java\javapath;C:\Windows\system32;C:\Windows;C:\Windows\System32\Wbem;C:\Windows\System32\WindowsPowerShell\v1.0\;C:\Windows\System32\OpenSSH\;C:\Program Files\Git\cmd;D:\javautils\apache-maven-3.3.3\bin;D:\Users\zh.cui\AppData\Local\Microsoft\WindowsApps;;D:\idea\IntelliJ IDEA 2022.3.3\bin;;D:\Microsoft VS Code\bin
USERNAME=zh.cui
OS=Windows_NT
PROCESSOR_IDENTIFIER=AMD64 Family 25 Model 80 Stepping 0, AuthenticAMD
TMP=D:\Users\zh.cui\AppData\Local\Temp
TEMP=D:\Users\zh.cui\AppData\Local\Temp



---------------  S Y S T E M  ---------------

OS:
 Windows 10 , 64 bit Build 19041 (10.0.19041.2546)
OS uptime: 1 days 1:06 hours

CPU: total 16 (initial active 16) (16 cores per cpu, 2 threads per core) family 25 model 80 stepping 0 microcode 0x0, cx8, cmov, fxsr, ht, mmx, 3dnowpref, sse, sse2, sse3, ssse3, sse4a, sse4.1, sse4.2, popcnt, lzcnt, tsc, tscinvbit, avx, avx2, aes, erms, clmul, bmi1, bmi2, adx, sha, fma, vzeroupper, clflush, clflushopt

Memory: 4k page, system-wide physical 32065M (8733M free)
TotalPageFile size 36161M (AvailPageFile size 5M)
current process WorkingSet (physical memory assigned to process): 10M, peak: 10M
current process commit charge ("private bytes"): 200M, peak: 202M

vm_info: OpenJDK 64-Bit Server VM (17.0.6+1-b653.34) for windows-amd64 JRE (17.0.6+1-b653.34), built on 2023-02-24 by "builduser" with MS VC++ 16.10 / 16.11 (VS2019)

END.
