#
# There is insufficient memory for the Java Runtime Environment to continue.
# Native memory allocation (malloc) failed to allocate 238896 bytes for Chunk::new
# Possible reasons:
#   The system is out of physical RAM or swap space
#   The process is running with CompressedOops enabled, and the Java Heap may be blocking the growth of the native heap
# Possible solutions:
#   Reduce memory load on the system
#   Increase physical memory or swap space
#   Check if swap backing store is full
#   Decrease Java heap size (-Xmx/-Xms)
#   Decrease number of Java threads
#   Decrease Java thread stack sizes (-Xss)
#   Set larger code cache with -XX:ReservedCodeCacheSize=
#   JVM is running with Unscaled Compressed Oops mode in which the Java heap is
#     placed in the first 4GB address space. The Java Heap base address is the
#     maximum limit for the native heap growth. Please use -XX:HeapBaseMinAddress
#     to set the Java Heap base and to place the Java Heap above 4GB virtual address.
# This output file may be truncated or incomplete.
#
#  Out of Memory Error (arena.cpp:189), pid=25820, tid=26184
#
# JRE version: OpenJDK Runtime Environment JBR-17.0.6+1-653.34-jcef (17.0.6+1) (build 17.0.6+1-b653.34)
# Java VM: OpenJDK 64-Bit Server VM JBR-17.0.6+1-653.34-jcef (17.0.6+1-b653.34, mixed mode, tiered, compressed oops, compressed class ptrs, g1 gc, windows-amd64)
# No core dump will be written. Minidumps are not enabled by default on client versions of Windows
#

---------------  S U M M A R Y ------------

Command Line: -Dawt.toolkit=com.intellij.desktop.DesktopActionsToolkit -Djava.rmi.server.hostname=127.0.0.1 -Duser.timezone=UTC -Xmx750m -Xms128m --add-exports=java.desktop/sun.awt=ALL-UNNAMED --add-exports=java.desktop/java.awt.peer=ALL-UNNAMED --add-opens=java.desktop/java.awt=ALL-UNNAMED --add-opens=jdk.unsupported/sun.misc=ALL-UNNAMED --add-opens=java.base/java.nio=ALL-UNNAMED --add-opens=java.base/java.util=ALL-UNNAMED -Dfile.encoding=UTF-8 com.intellij.database.remote.RemoteJdbcServer com.mysql.cj.jdbc.Driver

Host: AMD Ryzen 7 5825U with Radeon Graphics         , 16 cores, 31G,  Windows 10 , 64 bit Build 19041 (10.0.19041.2546)
Time: Tue Apr 11 14:47:43 2023  Windows 10 , 64 bit Build 19041 (10.0.19041.2546) elapsed time: 0.973365 seconds (0d 0h 0m 0s)

---------------  T H R E A D  ---------------

Current thread (0x000001a447c0de40):  JavaThread "C2 CompilerThread0" daemon [_thread_in_native, id=26184, stack(0x0000000293f00000,0x0000000294000000)]


Current CompileTask:
C2:    973 1681       4       jdk.internal.org.objectweb.asm.Frame::execute (2305 bytes)

Stack: [0x0000000293f00000,0x0000000294000000]
Native frames: (J=compiled Java code, j=interpreted, Vv=VM code, C=native code)
V  [jvm.dll+0x683b4a]
V  [jvm.dll+0x842654]
V  [jvm.dll+0x843dfe]
V  [jvm.dll+0x844463]
V  [jvm.dll+0x249b75]
V  [jvm.dll+0xabcac]
V  [jvm.dll+0xac27c]
V  [jvm.dll+0x56b9f3]
V  [jvm.dll+0x1bcee7]
V  [jvm.dll+0x21c359]
V  [jvm.dll+0x21b621]
V  [jvm.dll+0x1a4fdd]
V  [jvm.dll+0x22b098]
V  [jvm.dll+0x229159]
V  [jvm.dll+0x7f809c]
V  [jvm.dll+0x7f25fa]
V  [jvm.dll+0x682985]
C  [ucrtbase.dll+0x21bb2]
C  [KERNEL32.DLL+0x17614]
C  [ntdll.dll+0x526a1]


---------------  P R O C E S S  ---------------

Threads class SMR info:
_java_thread_list=0x000001a44863e0f0, length=28, elements={
0x000001a42d63dff0, 0x000001a447251510, 0x000001a447252380, 0x000001a44727e890,
0x000001a447280160, 0x000001a447280b10, 0x000001a4472814c0, 0x000001a447c0de40,
0x000001a447c54d90, 0x000001a447c69a80, 0x000001a447d94d10, 0x000001a447d9a240,
0x000001a447dce020, 0x000001a447dd2910, 0x000001a447e2d400, 0x000001a447ecd0f0,
0x000001a44814bc70, 0x000001a448152160, 0x000001a448152630, 0x000001a4481d3610,
0x000001a4481d9c00, 0x000001a4481da0d0, 0x000001a4481da5a0, 0x000001a4482f58d0,
0x000001a4482f7a80, 0x000001a4482f6270, 0x000001a4482f6c10, 0x000001a44863af10
}

Java Threads: ( => current thread )
  0x000001a42d63dff0 JavaThread "main" [_thread_blocked, id=5848, stack(0x0000000293200000,0x0000000293300000)]
  0x000001a447251510 JavaThread "Reference Handler" daemon [_thread_blocked, id=26216, stack(0x0000000293900000,0x0000000293a00000)]
  0x000001a447252380 JavaThread "Finalizer" daemon [_thread_blocked, id=26108, stack(0x0000000293a00000,0x0000000293b00000)]
  0x000001a44727e890 JavaThread "Signal Dispatcher" daemon [_thread_blocked, id=4340, stack(0x0000000293b00000,0x0000000293c00000)]
  0x000001a447280160 JavaThread "Attach Listener" daemon [_thread_blocked, id=25288, stack(0x0000000293c00000,0x0000000293d00000)]
  0x000001a447280b10 JavaThread "Service Thread" daemon [_thread_blocked, id=26812, stack(0x0000000293d00000,0x0000000293e00000)]
  0x000001a4472814c0 JavaThread "Monitor Deflation Thread" daemon [_thread_blocked, id=25684, stack(0x0000000293e00000,0x0000000293f00000)]
=>0x000001a447c0de40 JavaThread "C2 CompilerThread0" daemon [_thread_in_native, id=26184, stack(0x0000000293f00000,0x0000000294000000)]
  0x000001a447c54d90 JavaThread "C1 CompilerThread0" daemon [_thread_blocked, id=25720, stack(0x0000000294000000,0x0000000294100000)]
  0x000001a447c69a80 JavaThread "Sweeper thread" daemon [_thread_blocked, id=24980, stack(0x0000000294100000,0x0000000294200000)]
  0x000001a447d94d10 JavaThread "C1 CompilerThread1" daemon [_thread_blocked, id=23192, stack(0x0000000294200000,0x0000000294300000)]
  0x000001a447d9a240 JavaThread "C1 CompilerThread2" daemon [_thread_blocked, id=27460, stack(0x0000000294300000,0x0000000294400000)]
  0x000001a447dce020 JavaThread "Common-Cleaner" daemon [_thread_blocked, id=27076, stack(0x0000000294400000,0x0000000294500000)]
  0x000001a447dd2910 JavaThread "Notification Thread" daemon [_thread_blocked, id=27428, stack(0x0000000294500000,0x0000000294600000)]
  0x000001a447e2d400 JavaThread "C2 CompilerThread1" daemon [_thread_blocked, id=10500, stack(0x0000000294700000,0x0000000294800000)]
  0x000001a447ecd0f0 JavaThread "mysql-cj-abandoned-connection-cleanup" daemon [_thread_blocked, id=19004, stack(0x0000000294800000,0x0000000294900000)]
  0x000001a44814bc70 JavaThread "Java2D Disposer" daemon [_thread_blocked, id=27476, stack(0x0000000294900000,0x0000000294a00000)]
  0x000001a448152160 JavaThread "AWT-Shutdown" [_thread_blocked, id=27088, stack(0x0000000294a00000,0x0000000294b00000)]
  0x000001a448152630 JavaThread "AWT-Windows" daemon [_thread_in_native, id=27136, stack(0x0000000294b00000,0x0000000294c00000)]
  0x000001a4481d3610 JavaThread "RMI TCP Accept-27944" daemon [_thread_in_native, id=16484, stack(0x0000000294c00000,0x0000000294d00000)]
  0x000001a4481d9c00 JavaThread "RMI TCP Accept-0" daemon [_thread_in_native, id=26932, stack(0x0000000294d00000,0x0000000294e00000)]
  0x000001a4481da0d0 JavaThread "RMI Reaper" [_thread_blocked, id=6156, stack(0x0000000294e00000,0x0000000294f00000)]
  0x000001a4481da5a0 JavaThread "RMI GC Daemon" daemon [_thread_blocked, id=26240, stack(0x0000000294f00000,0x0000000295000000)]
  0x000001a4482f58d0 JavaThread "RMI TCP Connection(1)-127.0.0.1" daemon [_thread_in_native, id=9520, stack(0x0000000295000000,0x0000000295100000)]
  0x000001a4482f7a80 JavaThread "RMI Scheduler(0)" daemon [_thread_blocked, id=22032, stack(0x0000000295100000,0x0000000295200000)]
  0x000001a4482f6270 JavaThread "RMI TCP Connection(2)-127.0.0.1" daemon [_thread_in_vm, id=23796, stack(0x0000000295200000,0x0000000295300000)]
  0x000001a4482f6c10 JavaThread "RMI RenewClean-[127.0.0.1:56571]" daemon [_thread_blocked, id=17136, stack(0x0000000295300000,0x0000000295400000)]
  0x000001a44863af10 JavaThread "C1 CompilerThread3" daemon [_thread_blocked, id=17628, stack(0x0000000296100000,0x0000000296200000)]

Other Threads:
  0x000001a44724d7f0 VMThread "VM Thread" [stack: 0x0000000293800000,0x0000000293900000] [id=27556]
  0x000001a42d7cc760 WatcherThread [stack: 0x0000000294600000,0x0000000294700000] [id=20000]
  0x000001a42d7a1bf0 GCTaskThread "GC Thread#0" [stack: 0x0000000293300000,0x0000000293400000] [id=27380]
  0x000001a4487a4030 GCTaskThread "GC Thread#1" [stack: 0x0000000295400000,0x0000000295500000] [id=26124]
  0x000001a4487a42e0 GCTaskThread "GC Thread#2" [stack: 0x0000000295500000,0x0000000295600000] [id=27160]
  0x000001a4487a4590 GCTaskThread "GC Thread#3" [stack: 0x0000000295600000,0x0000000295700000] [id=11772]
  0x000001a4487a4840 GCTaskThread "GC Thread#4" [stack: 0x0000000295700000,0x0000000295800000] [id=24964]
  0x000001a4487a6f10 GCTaskThread "GC Thread#5" [stack: 0x0000000295800000,0x0000000295900000] [id=10084]
  0x000001a4487d2fa0 GCTaskThread "GC Thread#6" [stack: 0x0000000295900000,0x0000000295a00000] [id=26640]
  0x000001a4487d3250 GCTaskThread "GC Thread#7" [stack: 0x0000000295a00000,0x0000000295b00000] [id=25268]
  0x000001a4487d3500 GCTaskThread "GC Thread#8" [stack: 0x0000000295b00000,0x0000000295c00000] [id=12480]
  0x000001a4487d37b0 GCTaskThread "GC Thread#9" [stack: 0x0000000295c00000,0x0000000295d00000] [id=20040]
  0x000001a4487d4670 GCTaskThread "GC Thread#10" [stack: 0x0000000295d00000,0x0000000295e00000] [id=26788]
  0x000001a42d7a9900 ConcurrentGCThread "G1 Main Marker" [stack: 0x0000000293400000,0x0000000293500000] [id=27252]
  0x000001a42d7aaac0 ConcurrentGCThread "G1 Conc#0" [stack: 0x0000000293500000,0x0000000293600000] [id=12696]
  0x000001a4484ab860 ConcurrentGCThread "G1 Conc#1" [stack: 0x0000000295e00000,0x0000000295f00000] [id=1060]
  0x000001a4484abdc0 ConcurrentGCThread "G1 Conc#2" [stack: 0x0000000296000000,0x0000000296100000] [id=19500]
  0x000001a4470b00a0 ConcurrentGCThread "G1 Refine#0" [stack: 0x0000000293600000,0x0000000293700000] [id=20168]
  0x000001a4484aeac0 ConcurrentGCThread "G1 Refine#1" [stack: 0x0000000295f00000,0x0000000296000000] [id=12724]
  0x000001a4470b0ac0 ConcurrentGCThread "G1 Service" [stack: 0x0000000293700000,0x0000000293800000] [id=22420]

Threads with active compile tasks:
C2 CompilerThread0      998 1681       4       jdk.internal.org.objectweb.asm.Frame::execute (2305 bytes)

VM state: not at safepoint (normal execution)

VM Mutex/Monitor currently owned by a thread:  ([mutex/lock_event])
[0x000001a42d76b1d0] Metaspace_lock - owner thread: 0x000001a4482f6270

Heap address: 0x00000000d1200000, size: 750 MB, Compressed Oops mode: 32-bit

CDS archive(s) not mapped
Compressed class space mapped at: 0x0000000100000000-0x0000000140000000, reserved size: 1073741824
Narrow klass base: 0x0000000000000000, Narrow klass shift: 3, Narrow klass range: 0x140000000

GC Precious Log:
 CPUs: 16 total, 16 available
 Memory: 32065M
 Large Page Support: Disabled
 NUMA Support: Disabled
 Compressed Oops: Enabled (32-bit)
 Heap Region Size: 1M
 Heap Min Capacity: 128M
 Heap Initial Capacity: 128M
 Heap Max Capacity: 750M
 Pre-touch: Disabled
 Parallel Workers: 13
 Concurrent Workers: 3
 Concurrent Refinement Workers: 13
 Periodic GC: Disabled

Heap:
 garbage-first heap   total 131072K, used 15693K [0x00000000d1200000, 0x0000000100000000)
  region size 1024K, 11 young (11264K), 3 survivors (3072K)
 Metaspace       used 23395K, committed 23552K, reserved 1073152K
  class space    used 2436K, committed 2496K, reserved 1048576K

Heap Regions: E=young(eden), S=young(survivor), O=old, HS=humongous(starts), HC=humongous(continues), CS=collection set, F=free, OA=open archive, CA=closed archive, TAMS=top-at-mark-start (previous, next)
|   0|0x00000000d1200000, 0x00000000d1300000, 0x00000000d1300000|100%|HS|  |TAMS 0x00000000d1300000, 0x00000000d1200000| Complete 
|   1|0x00000000d1300000, 0x00000000d1400000, 0x00000000d1400000|100%|HC|  |TAMS 0x00000000d1400000, 0x00000000d1300000| Complete 
|   2|0x00000000d1400000, 0x00000000d1500000, 0x00000000d1500000|100%|HC|  |TAMS 0x00000000d1500000, 0x00000000d1400000| Complete 
|   3|0x00000000d1500000, 0x00000000d1600000, 0x00000000d1600000|100%| O|  |TAMS 0x00000000d1500000, 0x00000000d1500000| Untracked 
|   4|0x00000000d1600000, 0x00000000d1700000, 0x00000000d1700000|100%| O|  |TAMS 0x00000000d1600000, 0x00000000d1600000| Untracked 
|   5|0x00000000d1700000, 0x00000000d1753600, 0x00000000d1800000| 32%| O|  |TAMS 0x00000000d1700000, 0x00000000d1700000| Untracked 
|   6|0x00000000d1800000, 0x00000000d1800000, 0x00000000d1900000|  0%| F|  |TAMS 0x00000000d1800000, 0x00000000d1800000| Untracked 
|   7|0x00000000d1900000, 0x00000000d1900000, 0x00000000d1a00000|  0%| F|  |TAMS 0x00000000d1900000, 0x00000000d1900000| Untracked 
|   8|0x00000000d1a00000, 0x00000000d1a00000, 0x00000000d1b00000|  0%| F|  |TAMS 0x00000000d1a00000, 0x00000000d1a00000| Untracked 
|   9|0x00000000d1b00000, 0x00000000d1b00000, 0x00000000d1c00000|  0%| F|  |TAMS 0x00000000d1b00000, 0x00000000d1b00000| Untracked 
|  10|0x00000000d1c00000, 0x00000000d1c00000, 0x00000000d1d00000|  0%| F|  |TAMS 0x00000000d1c00000, 0x00000000d1c00000| Untracked 
|  11|0x00000000d1d00000, 0x00000000d1d00000, 0x00000000d1e00000|  0%| F|  |TAMS 0x00000000d1d00000, 0x00000000d1d00000| Untracked 
|  12|0x00000000d1e00000, 0x00000000d1e00000, 0x00000000d1f00000|  0%| F|  |TAMS 0x00000000d1e00000, 0x00000000d1e00000| Untracked 
|  13|0x00000000d1f00000, 0x00000000d1f00000, 0x00000000d2000000|  0%| F|  |TAMS 0x00000000d1f00000, 0x00000000d1f00000| Untracked 
|  14|0x00000000d2000000, 0x00000000d2000000, 0x00000000d2100000|  0%| F|  |TAMS 0x00000000d2000000, 0x00000000d2000000| Untracked 
|  15|0x00000000d2100000, 0x00000000d2100000, 0x00000000d2200000|  0%| F|  |TAMS 0x00000000d2100000, 0x00000000d2100000| Untracked 
|  16|0x00000000d2200000, 0x00000000d2200000, 0x00000000d2300000|  0%| F|  |TAMS 0x00000000d2200000, 0x00000000d2200000| Untracked 
|  17|0x00000000d2300000, 0x00000000d2300000, 0x00000000d2400000|  0%| F|  |TAMS 0x00000000d2300000, 0x00000000d2300000| Untracked 
|  18|0x00000000d2400000, 0x00000000d2400000, 0x00000000d2500000|  0%| F|  |TAMS 0x00000000d2400000, 0x00000000d2400000| Untracked 
|  19|0x00000000d2500000, 0x00000000d2500000, 0x00000000d2600000|  0%| F|  |TAMS 0x00000000d2500000, 0x00000000d2500000| Untracked 
|  20|0x00000000d2600000, 0x00000000d2600000, 0x00000000d2700000|  0%| F|  |TAMS 0x00000000d2600000, 0x00000000d2600000| Untracked 
|  21|0x00000000d2700000, 0x00000000d2700000, 0x00000000d2800000|  0%| F|  |TAMS 0x00000000d2700000, 0x00000000d2700000| Untracked 
|  22|0x00000000d2800000, 0x00000000d2800000, 0x00000000d2900000|  0%| F|  |TAMS 0x00000000d2800000, 0x00000000d2800000| Untracked 
|  23|0x00000000d2900000, 0x00000000d2900000, 0x00000000d2a00000|  0%| F|  |TAMS 0x00000000d2900000, 0x00000000d2900000| Untracked 
|  24|0x00000000d2a00000, 0x00000000d2a00000, 0x00000000d2b00000|  0%| F|  |TAMS 0x00000000d2a00000, 0x00000000d2a00000| Untracked 
|  25|0x00000000d2b00000, 0x00000000d2b00000, 0x00000000d2c00000|  0%| F|  |TAMS 0x00000000d2b00000, 0x00000000d2b00000| Untracked 
|  26|0x00000000d2c00000, 0x00000000d2c00000, 0x00000000d2d00000|  0%| F|  |TAMS 0x00000000d2c00000, 0x00000000d2c00000| Untracked 
|  27|0x00000000d2d00000, 0x00000000d2d00000, 0x00000000d2e00000|  0%| F|  |TAMS 0x00000000d2d00000, 0x00000000d2d00000| Untracked 
|  28|0x00000000d2e00000, 0x00000000d2e00000, 0x00000000d2f00000|  0%| F|  |TAMS 0x00000000d2e00000, 0x00000000d2e00000| Untracked 
|  29|0x00000000d2f00000, 0x00000000d2f00000, 0x00000000d3000000|  0%| F|  |TAMS 0x00000000d2f00000, 0x00000000d2f00000| Untracked 
|  30|0x00000000d3000000, 0x00000000d3000000, 0x00000000d3100000|  0%| F|  |TAMS 0x00000000d3000000, 0x00000000d3000000| Untracked 
|  31|0x00000000d3100000, 0x00000000d3100000, 0x00000000d3200000|  0%| F|  |TAMS 0x00000000d3100000, 0x00000000d3100000| Untracked 
|  32|0x00000000d3200000, 0x00000000d3200000, 0x00000000d3300000|  0%| F|  |TAMS 0x00000000d3200000, 0x00000000d3200000| Untracked 
|  33|0x00000000d3300000, 0x00000000d3300000, 0x00000000d3400000|  0%| F|  |TAMS 0x00000000d3300000, 0x00000000d3300000| Untracked 
|  34|0x00000000d3400000, 0x00000000d3400000, 0x00000000d3500000|  0%| F|  |TAMS 0x00000000d3400000, 0x00000000d3400000| Untracked 
|  35|0x00000000d3500000, 0x00000000d3500000, 0x00000000d3600000|  0%| F|  |TAMS 0x00000000d3500000, 0x00000000d3500000| Untracked 
|  36|0x00000000d3600000, 0x00000000d3600000, 0x00000000d3700000|  0%| F|  |TAMS 0x00000000d3600000, 0x00000000d3600000| Untracked 
|  37|0x00000000d3700000, 0x00000000d3700000, 0x00000000d3800000|  0%| F|  |TAMS 0x00000000d3700000, 0x00000000d3700000| Untracked 
|  38|0x00000000d3800000, 0x00000000d3800000, 0x00000000d3900000|  0%| F|  |TAMS 0x00000000d3800000, 0x00000000d3800000| Untracked 
|  39|0x00000000d3900000, 0x00000000d3900000, 0x00000000d3a00000|  0%| F|  |TAMS 0x00000000d3900000, 0x00000000d3900000| Untracked 
|  40|0x00000000d3a00000, 0x00000000d3a00000, 0x00000000d3b00000|  0%| F|  |TAMS 0x00000000d3a00000, 0x00000000d3a00000| Untracked 
|  41|0x00000000d3b00000, 0x00000000d3b00000, 0x00000000d3c00000|  0%| F|  |TAMS 0x00000000d3b00000, 0x00000000d3b00000| Untracked 
|  42|0x00000000d3c00000, 0x00000000d3c00000, 0x00000000d3d00000|  0%| F|  |TAMS 0x00000000d3c00000, 0x00000000d3c00000| Untracked 
|  43|0x00000000d3d00000, 0x00000000d3d00000, 0x00000000d3e00000|  0%| F|  |TAMS 0x00000000d3d00000, 0x00000000d3d00000| Untracked 
|  44|0x00000000d3e00000, 0x00000000d3e00000, 0x00000000d3f00000|  0%| F|  |TAMS 0x00000000d3e00000, 0x00000000d3e00000| Untracked 
|  45|0x00000000d3f00000, 0x00000000d3f00000, 0x00000000d4000000|  0%| F|  |TAMS 0x00000000d3f00000, 0x00000000d3f00000| Untracked 
|  46|0x00000000d4000000, 0x00000000d4000000, 0x00000000d4100000|  0%| F|  |TAMS 0x00000000d4000000, 0x00000000d4000000| Untracked 
|  47|0x00000000d4100000, 0x00000000d4100000, 0x00000000d4200000|  0%| F|  |TAMS 0x00000000d4100000, 0x00000000d4100000| Untracked 
|  48|0x00000000d4200000, 0x00000000d4200000, 0x00000000d4300000|  0%| F|  |TAMS 0x00000000d4200000, 0x00000000d4200000| Untracked 
|  49|0x00000000d4300000, 0x00000000d4300000, 0x00000000d4400000|  0%| F|  |TAMS 0x00000000d4300000, 0x00000000d4300000| Untracked 
|  50|0x00000000d4400000, 0x00000000d4400000, 0x00000000d4500000|  0%| F|  |TAMS 0x00000000d4400000, 0x00000000d4400000| Untracked 
|  51|0x00000000d4500000, 0x00000000d4500000, 0x00000000d4600000|  0%| F|  |TAMS 0x00000000d4500000, 0x00000000d4500000| Untracked 
|  52|0x00000000d4600000, 0x00000000d4600000, 0x00000000d4700000|  0%| F|  |TAMS 0x00000000d4600000, 0x00000000d4600000| Untracked 
|  53|0x00000000d4700000, 0x00000000d4700000, 0x00000000d4800000|  0%| F|  |TAMS 0x00000000d4700000, 0x00000000d4700000| Untracked 
|  54|0x00000000d4800000, 0x00000000d4800000, 0x00000000d4900000|  0%| F|  |TAMS 0x00000000d4800000, 0x00000000d4800000| Untracked 
|  55|0x00000000d4900000, 0x00000000d4900000, 0x00000000d4a00000|  0%| F|  |TAMS 0x00000000d4900000, 0x00000000d4900000| Untracked 
|  56|0x00000000d4a00000, 0x00000000d4a00000, 0x00000000d4b00000|  0%| F|  |TAMS 0x00000000d4a00000, 0x00000000d4a00000| Untracked 
|  57|0x00000000d4b00000, 0x00000000d4b00000, 0x00000000d4c00000|  0%| F|  |TAMS 0x00000000d4b00000, 0x00000000d4b00000| Untracked 
|  58|0x00000000d4c00000, 0x00000000d4c00000, 0x00000000d4d00000|  0%| F|  |TAMS 0x00000000d4c00000, 0x00000000d4c00000| Untracked 
|  59|0x00000000d4d00000, 0x00000000d4d00000, 0x00000000d4e00000|  0%| F|  |TAMS 0x00000000d4d00000, 0x00000000d4d00000| Untracked 
|  60|0x00000000d4e00000, 0x00000000d4e00000, 0x00000000d4f00000|  0%| F|  |TAMS 0x00000000d4e00000, 0x00000000d4e00000| Untracked 
|  61|0x00000000d4f00000, 0x00000000d4f00000, 0x00000000d5000000|  0%| F|  |TAMS 0x00000000d4f00000, 0x00000000d4f00000| Untracked 
|  62|0x00000000d5000000, 0x00000000d5000000, 0x00000000d5100000|  0%| F|  |TAMS 0x00000000d5000000, 0x00000000d5000000| Untracked 
|  63|0x00000000d5100000, 0x00000000d5100000, 0x00000000d5200000|  0%| F|  |TAMS 0x00000000d5100000, 0x00000000d5100000| Untracked 
|  64|0x00000000d5200000, 0x00000000d5200000, 0x00000000d5300000|  0%| F|  |TAMS 0x00000000d5200000, 0x00000000d5200000| Untracked 
|  65|0x00000000d5300000, 0x00000000d5300000, 0x00000000d5400000|  0%| F|  |TAMS 0x00000000d5300000, 0x00000000d5300000| Untracked 
|  66|0x00000000d5400000, 0x00000000d5400000, 0x00000000d5500000|  0%| F|  |TAMS 0x00000000d5400000, 0x00000000d5400000| Untracked 
|  67|0x00000000d5500000, 0x00000000d5500000, 0x00000000d5600000|  0%| F|  |TAMS 0x00000000d5500000, 0x00000000d5500000| Untracked 
|  68|0x00000000d5600000, 0x00000000d5600000, 0x00000000d5700000|  0%| F|  |TAMS 0x00000000d5600000, 0x00000000d5600000| Untracked 
|  69|0x00000000d5700000, 0x00000000d5700000, 0x00000000d5800000|  0%| F|  |TAMS 0x00000000d5700000, 0x00000000d5700000| Untracked 
|  70|0x00000000d5800000, 0x00000000d5800000, 0x00000000d5900000|  0%| F|  |TAMS 0x00000000d5800000, 0x00000000d5800000| Untracked 
|  71|0x00000000d5900000, 0x00000000d5900000, 0x00000000d5a00000|  0%| F|  |TAMS 0x00000000d5900000, 0x00000000d5900000| Untracked 
|  72|0x00000000d5a00000, 0x00000000d5a00000, 0x00000000d5b00000|  0%| F|  |TAMS 0x00000000d5a00000, 0x00000000d5a00000| Untracked 
|  73|0x00000000d5b00000, 0x00000000d5b00000, 0x00000000d5c00000|  0%| F|  |TAMS 0x00000000d5b00000, 0x00000000d5b00000| Untracked 
|  74|0x00000000d5c00000, 0x00000000d5c00000, 0x00000000d5d00000|  0%| F|  |TAMS 0x00000000d5c00000, 0x00000000d5c00000| Untracked 
|  75|0x00000000d5d00000, 0x00000000d5d00000, 0x00000000d5e00000|  0%| F|  |TAMS 0x00000000d5d00000, 0x00000000d5d00000| Untracked 
|  76|0x00000000d5e00000, 0x00000000d5e00000, 0x00000000d5f00000|  0%| F|  |TAMS 0x00000000d5e00000, 0x00000000d5e00000| Untracked 
|  77|0x00000000d5f00000, 0x00000000d5f00000, 0x00000000d6000000|  0%| F|  |TAMS 0x00000000d5f00000, 0x00000000d5f00000| Untracked 
|  78|0x00000000d6000000, 0x00000000d6000000, 0x00000000d6100000|  0%| F|  |TAMS 0x00000000d6000000, 0x00000000d6000000| Untracked 
|  79|0x00000000d6100000, 0x00000000d6100000, 0x00000000d6200000|  0%| F|  |TAMS 0x00000000d6100000, 0x00000000d6100000| Untracked 
|  80|0x00000000d6200000, 0x00000000d6200000, 0x00000000d6300000|  0%| F|  |TAMS 0x00000000d6200000, 0x00000000d6200000| Untracked 
|  81|0x00000000d6300000, 0x00000000d6300000, 0x00000000d6400000|  0%| F|  |TAMS 0x00000000d6300000, 0x00000000d6300000| Untracked 
|  82|0x00000000d6400000, 0x00000000d6400000, 0x00000000d6500000|  0%| F|  |TAMS 0x00000000d6400000, 0x00000000d6400000| Untracked 
|  83|0x00000000d6500000, 0x00000000d6500000, 0x00000000d6600000|  0%| F|  |TAMS 0x00000000d6500000, 0x00000000d6500000| Untracked 
|  84|0x00000000d6600000, 0x00000000d6600000, 0x00000000d6700000|  0%| F|  |TAMS 0x00000000d6600000, 0x00000000d6600000| Untracked 
|  85|0x00000000d6700000, 0x00000000d6700000, 0x00000000d6800000|  0%| F|  |TAMS 0x00000000d6700000, 0x00000000d6700000| Untracked 
|  86|0x00000000d6800000, 0x00000000d6800000, 0x00000000d6900000|  0%| F|  |TAMS 0x00000000d6800000, 0x00000000d6800000| Untracked 
|  87|0x00000000d6900000, 0x00000000d6900000, 0x00000000d6a00000|  0%| F|  |TAMS 0x00000000d6900000, 0x00000000d6900000| Untracked 
|  88|0x00000000d6a00000, 0x00000000d6a00000, 0x00000000d6b00000|  0%| F|  |TAMS 0x00000000d6a00000, 0x00000000d6a00000| Untracked 
|  89|0x00000000d6b00000, 0x00000000d6b00000, 0x00000000d6c00000|  0%| F|  |TAMS 0x00000000d6b00000, 0x00000000d6b00000| Untracked 
|  90|0x00000000d6c00000, 0x00000000d6c00000, 0x00000000d6d00000|  0%| F|  |TAMS 0x00000000d6c00000, 0x00000000d6c00000| Untracked 
|  91|0x00000000d6d00000, 0x00000000d6d00000, 0x00000000d6e00000|  0%| F|  |TAMS 0x00000000d6d00000, 0x00000000d6d00000| Untracked 
|  92|0x00000000d6e00000, 0x00000000d6e00000, 0x00000000d6f00000|  0%| F|  |TAMS 0x00000000d6e00000, 0x00000000d6e00000| Untracked 
|  93|0x00000000d6f00000, 0x00000000d6f00000, 0x00000000d7000000|  0%| F|  |TAMS 0x00000000d6f00000, 0x00000000d6f00000| Untracked 
|  94|0x00000000d7000000, 0x00000000d7000000, 0x00000000d7100000|  0%| F|  |TAMS 0x00000000d7000000, 0x00000000d7000000| Untracked 
|  95|0x00000000d7100000, 0x00000000d7100000, 0x00000000d7200000|  0%| F|  |TAMS 0x00000000d7100000, 0x00000000d7100000| Untracked 
|  96|0x00000000d7200000, 0x00000000d7200000, 0x00000000d7300000|  0%| F|  |TAMS 0x00000000d7200000, 0x00000000d7200000| Untracked 
|  97|0x00000000d7300000, 0x00000000d7300000, 0x00000000d7400000|  0%| F|  |TAMS 0x00000000d7300000, 0x00000000d7300000| Untracked 
|  98|0x00000000d7400000, 0x00000000d7400000, 0x00000000d7500000|  0%| F|  |TAMS 0x00000000d7400000, 0x00000000d7400000| Untracked 
|  99|0x00000000d7500000, 0x00000000d7500000, 0x00000000d7600000|  0%| F|  |TAMS 0x00000000d7500000, 0x00000000d7500000| Untracked 
| 100|0x00000000d7600000, 0x00000000d7600000, 0x00000000d7700000|  0%| F|  |TAMS 0x00000000d7600000, 0x00000000d7600000| Untracked 
| 101|0x00000000d7700000, 0x00000000d7700000, 0x00000000d7800000|  0%| F|  |TAMS 0x00000000d7700000, 0x00000000d7700000| Untracked 
| 102|0x00000000d7800000, 0x00000000d7800000, 0x00000000d7900000|  0%| F|  |TAMS 0x00000000d7800000, 0x00000000d7800000| Untracked 
| 103|0x00000000d7900000, 0x00000000d7a00000, 0x00000000d7a00000|100%| S|CS|TAMS 0x00000000d7900000, 0x00000000d7900000| Complete 
| 104|0x00000000d7a00000, 0x00000000d7b00000, 0x00000000d7b00000|100%| S|CS|TAMS 0x00000000d7a00000, 0x00000000d7a00000| Complete 
| 105|0x00000000d7b00000, 0x00000000d7c00000, 0x00000000d7c00000|100%| S|CS|TAMS 0x00000000d7b00000, 0x00000000d7b00000| Complete 
| 106|0x00000000d7c00000, 0x00000000d7c00000, 0x00000000d7d00000|  0%| F|  |TAMS 0x00000000d7c00000, 0x00000000d7c00000| Untracked 
| 107|0x00000000d7d00000, 0x00000000d7d00000, 0x00000000d7e00000|  0%| F|  |TAMS 0x00000000d7d00000, 0x00000000d7d00000| Untracked 
| 108|0x00000000d7e00000, 0x00000000d7e00000, 0x00000000d7f00000|  0%| F|  |TAMS 0x00000000d7e00000, 0x00000000d7e00000| Untracked 
| 109|0x00000000d7f00000, 0x00000000d7f00000, 0x00000000d8000000|  0%| F|  |TAMS 0x00000000d7f00000, 0x00000000d7f00000| Untracked 
| 110|0x00000000d8000000, 0x00000000d8000000, 0x00000000d8100000|  0%| F|  |TAMS 0x00000000d8000000, 0x00000000d8000000| Untracked 
| 111|0x00000000d8100000, 0x00000000d8100000, 0x00000000d8200000|  0%| F|  |TAMS 0x00000000d8100000, 0x00000000d8100000| Untracked 
| 112|0x00000000d8200000, 0x00000000d8200000, 0x00000000d8300000|  0%| F|  |TAMS 0x00000000d8200000, 0x00000000d8200000| Untracked 
| 113|0x00000000d8300000, 0x00000000d8300000, 0x00000000d8400000|  0%| F|  |TAMS 0x00000000d8300000, 0x00000000d8300000| Untracked 
| 114|0x00000000d8400000, 0x00000000d8400000, 0x00000000d8500000|  0%| F|  |TAMS 0x00000000d8400000, 0x00000000d8400000| Untracked 
| 115|0x00000000d8500000, 0x00000000d8500000, 0x00000000d8600000|  0%| F|  |TAMS 0x00000000d8500000, 0x00000000d8500000| Untracked 
| 116|0x00000000d8600000, 0x00000000d8600000, 0x00000000d8700000|  0%| F|  |TAMS 0x00000000d8600000, 0x00000000d8600000| Untracked 
| 117|0x00000000d8700000, 0x00000000d8700000, 0x00000000d8800000|  0%| F|  |TAMS 0x00000000d8700000, 0x00000000d8700000| Untracked 
| 118|0x00000000d8800000, 0x00000000d8800000, 0x00000000d8900000|  0%| F|  |TAMS 0x00000000d8800000, 0x00000000d8800000| Untracked 
| 119|0x00000000d8900000, 0x00000000d8900000, 0x00000000d8a00000|  0%| F|  |TAMS 0x00000000d8900000, 0x00000000d8900000| Untracked 
| 120|0x00000000d8a00000, 0x00000000d8ac69a8, 0x00000000d8b00000| 77%| E|  |TAMS 0x00000000d8a00000, 0x00000000d8a00000| Complete 
| 121|0x00000000d8b00000, 0x00000000d8c00000, 0x00000000d8c00000|100%| E|CS|TAMS 0x00000000d8b00000, 0x00000000d8b00000| Complete 
| 122|0x00000000d8c00000, 0x00000000d8d00000, 0x00000000d8d00000|100%| E|CS|TAMS 0x00000000d8c00000, 0x00000000d8c00000| Complete 
| 123|0x00000000d8d00000, 0x00000000d8e00000, 0x00000000d8e00000|100%| E|CS|TAMS 0x00000000d8d00000, 0x00000000d8d00000| Complete 
| 124|0x00000000d8e00000, 0x00000000d8f00000, 0x00000000d8f00000|100%| E|CS|TAMS 0x00000000d8e00000, 0x00000000d8e00000| Complete 
| 125|0x00000000d8f00000, 0x00000000d9000000, 0x00000000d9000000|100%| E|CS|TAMS 0x00000000d8f00000, 0x00000000d8f00000| Complete 
| 126|0x00000000d9000000, 0x00000000d9100000, 0x00000000d9100000|100%| E|CS|TAMS 0x00000000d9000000, 0x00000000d9000000| Complete 
| 127|0x00000000d9100000, 0x00000000d9200000, 0x00000000d9200000|100%| E|CS|TAMS 0x00000000d9100000, 0x00000000d9100000| Complete 

Card table byte_map: [0x000001a4427e0000,0x000001a442960000] _byte_map_base: 0x000001a442157000

Marking Bits (Prev, Next): (CMBitMap*) 0x000001a42d7a3250, (CMBitMap*) 0x000001a42d7a3210
 Prev Bits: [0x000001a4436a0000, 0x000001a444258000)
 Next Bits: [0x000001a442ae0000, 0x000001a443698000)

Polling page: 0x000001a42d830000

Metaspace:

Usage:
  Non-class:     20.47 MB used.
      Class:      2.38 MB used.
       Both:     22.85 MB used.

Virtual space:
  Non-class space:       24.00 MB reserved,      20.56 MB ( 86%) committed,  3 nodes.
      Class space:        1.00 GB reserved,       2.44 MB ( <1%) committed,  1 nodes.
             Both:        1.02 GB reserved,      23.00 MB (  2%) committed. 

Chunk freelists:
   Non-Class:  3.44 MB
       Class:  1.48 MB
        Both:  4.93 MB

MaxMetaspaceSize: unlimited
CompressedClassSpaceSize: 1.00 GB
Initial GC threshold: 21.00 MB
Current GC threshold: 35.12 MB
CDS: off
MetaspaceReclaimPolicy: balanced
 - commit_granule_bytes: 65536.
 - commit_granule_words: 8192.
 - virtual_space_node_default_size: 1048576.
 - enlarge_chunks_in_place: 1.
 - new_chunks_are_fully_committed: 0.
 - uncommit_free_chunks: 1.
 - use_allocation_guard: 0.
 - handle_deallocations: 1.


Internal statistics:

num_allocs_failed_limit: 3.
num_arena_births: 216.
num_arena_deaths: 0.
num_vsnodes_births: 4.
num_vsnodes_deaths: 0.
num_space_committed: 368.
num_space_uncommitted: 0.
num_chunks_returned_to_freelist: 3.
num_chunks_taken_from_freelist: 505.
num_chunk_merges: 0.
num_chunk_splits: 306.
num_chunks_enlarged: 172.
num_purges: 0.
num_inconsistent_stats: 0.

CodeHeap 'non-profiled nmethods': size=119168Kb used=568Kb max_used=568Kb free=118599Kb
 bounds [0x000001a43a240000, 0x000001a43a4b0000, 0x000001a4416a0000]
CodeHeap 'profiled nmethods': size=119104Kb used=3737Kb max_used=3737Kb free=115366Kb
 bounds [0x000001a4326a0000, 0x000001a432a50000, 0x000001a439af0000]
CodeHeap 'non-nmethods': size=7488Kb used=2969Kb max_used=2986Kb free=4518Kb
 bounds [0x000001a439af0000, 0x000001a439de0000, 0x000001a43a240000]
 total_blobs=2511 nmethods=1905 adapters=516
 compilation: enabled
              stopped_count=0, restarted_count=0
 full_count=0

Compilation events (20 events):
Event: 0.963 Thread 0x000001a447c54d90 1895       3       java.lang.StringBuilder::append (6 bytes)
Event: 0.963 Thread 0x000001a447d9a240 1896       3       java.security.MessageDigest::update (45 bytes)
Event: 0.963 Thread 0x000001a447d94d10 nmethod 1891 0x000001a432a3ac90 code [0x000001a432a3af40, 0x000001a432a3bc48]
Event: 0.963 Thread 0x000001a447c54d90 nmethod 1895 0x000001a432a3c210 code [0x000001a432a3c3c0, 0x000001a432a3c568]
Event: 0.963 Thread 0x000001a447d94d10 1897   !   3       sun.security.jca.GetInstance::getInstance (130 bytes)
Event: 0.963 Thread 0x000001a447c54d90 1898   !   3       java.security.MessageDigest$Delegate::of (84 bytes)
Event: 0.963 Thread 0x000001a447d9a240 nmethod 1896 0x000001a432a3c610 code [0x000001a432a3c800, 0x000001a432a3cca8]
Event: 0.963 Thread 0x000001a447d9a240 1899       3       java.security.DigestOutputStream::write (28 bytes)
Event: 0.963 Thread 0x000001a44863af10 nmethod 1892 0x000001a432a3ce90 code [0x000001a432a3d180, 0x000001a432a3e6b8]
Event: 0.963 Thread 0x000001a44863af10 1900       3       java.io.FilterOutputStream::flush (8 bytes)
Event: 0.964 Thread 0x000001a44863af10 nmethod 1900 0x000001a432a3ec10 code [0x000001a432a3edc0, 0x000001a432a3ef88]
Event: 0.964 Thread 0x000001a447d9a240 nmethod 1899 0x000001a432a3f090 code [0x000001a432a3f240, 0x000001a432a3f538]
Event: 0.964 Thread 0x000001a44863af10 1901       3       java.lang.StringConcatHelper::prepend (22 bytes)
Event: 0.964 Thread 0x000001a447c54d90 nmethod 1898 0x000001a432a3f690 code [0x000001a432a3f920, 0x000001a432a40718]
Event: 0.964 Thread 0x000001a44863af10 nmethod 1901 0x000001a432a40b90 code [0x000001a432a40d40, 0x000001a432a40ed8]
Event: 0.964 Thread 0x000001a447d94d10 nmethod 1897 0x000001a432a40f90 code [0x000001a432a412c0, 0x000001a432a423f8]
Event: 0.964 Thread 0x000001a44863af10 1902       3       jdk.internal.reflect.ClassFileAssembler::getLength (11 bytes)
Event: 0.964 Thread 0x000001a44863af10 nmethod 1902 0x000001a432a42a10 code [0x000001a432a42bc0, 0x000001a432a42d78]
Event: 0.965 Thread 0x000001a44863af10 1903       3       java.io.ObjectOutputStream$HandleTable::lookup (56 bytes)
Event: 0.965 Thread 0x000001a44863af10 nmethod 1903 0x000001a432a42e90 code [0x000001a432a43060, 0x000001a432a43408]

GC Heap History (2 events):
Event: 0.738 GC heap before
{Heap before GC invocations=0 (full 0):
 garbage-first heap   total 131072K, used 23552K [0x00000000d1200000, 0x0000000100000000)
  region size 1024K, 22 young (22528K), 0 survivors (0K)
 Metaspace       used 21274K, committed 21504K, reserved 1073152K
  class space    used 2239K, committed 2368K, reserved 1048576K
}
Event: 0.743 GC heap after
{Heap after GC invocations=1 (full 0):
 garbage-first heap   total 131072K, used 8525K [0x00000000d1200000, 0x0000000100000000)
  region size 1024K, 3 young (3072K), 3 survivors (3072K)
 Metaspace       used 21274K, committed 21504K, reserved 1073152K
  class space    used 2239K, committed 2368K, reserved 1048576K
}

Dll operation events (1 events):
Event: 0.007 Loaded shared library D:\idea\IntelliJ IDEA 2022.3.3\jbr\bin\java.dll

Deoptimization events (20 events):
Event: 0.778 Thread 0x000001a4482f6270 DEOPT PACKING pc=0x000001a43292e3b8 sp=0x00000002952fcc90
Event: 0.778 Thread 0x000001a4482f6270 DEOPT UNPACKING pc=0x000001a439b47143 sp=0x00000002952fc0e8 mode 0
Event: 0.813 Thread 0x000001a4482f6270 Uncommon trap: trap_request=0xffffffc6 fr.pc=0x000001a43a2ab734 relative=0x0000000000000274
Event: 0.813 Thread 0x000001a4482f6270 Uncommon trap: reason=bimorphic_or_optimized_type_check action=maybe_recompile pc=0x000001a43a2ab734 method=java.util.regex.Pattern$SliceI.match(Ljava/util/regex/Matcher;ILjava/lang/CharSequence;)Z @ 92 c2
Event: 0.813 Thread 0x000001a4482f6270 DEOPT PACKING pc=0x000001a43a2ab734 sp=0x00000002952fde50
Event: 0.813 Thread 0x000001a4482f6270 DEOPT UNPACKING pc=0x000001a439b469a3 sp=0x00000002952fddf8 mode 2
Event: 0.845 Thread 0x000001a4482f6270 Uncommon trap: trap_request=0xffffff45 fr.pc=0x000001a43a279514 relative=0x0000000000000754
Event: 0.845 Thread 0x000001a4482f6270 Uncommon trap: reason=unstable_if action=reinterpret pc=0x000001a43a279514 method=java.lang.AbstractStringBuilder.append(Ljava/lang/String;)Ljava/lang/AbstractStringBuilder; @ 1 c2
Event: 0.845 Thread 0x000001a4482f6270 DEOPT PACKING pc=0x000001a43a279514 sp=0x00000002952fe030
Event: 0.845 Thread 0x000001a4482f6270 DEOPT UNPACKING pc=0x000001a439b469a3 sp=0x00000002952fdfc0 mode 2
Event: 0.923 Thread 0x000001a4482f6270 DEOPT PACKING pc=0x000001a4327d4bbe sp=0x00000002952fe450
Event: 0.923 Thread 0x000001a4482f6270 DEOPT UNPACKING pc=0x000001a439b47143 sp=0x00000002952fd8c8 mode 0
Event: 0.941 Thread 0x000001a4482f6270 DEOPT PACKING pc=0x000001a43275dfba sp=0x00000002952fdb30
Event: 0.941 Thread 0x000001a4482f6270 DEOPT UNPACKING pc=0x000001a439b47143 sp=0x00000002952fcfa8 mode 0
Event: 0.949 Thread 0x000001a4482f6270 Uncommon trap: trap_request=0xffffff45 fr.pc=0x000001a43a29007c relative=0x000000000000073c
Event: 0.949 Thread 0x000001a4482f6270 Uncommon trap: reason=unstable_if action=reinterpret pc=0x000001a43a29007c method=java.lang.AbstractStringBuilder.append(Ljava/lang/String;)Ljava/lang/AbstractStringBuilder; @ 1 c2
Event: 0.949 Thread 0x000001a4482f6270 DEOPT PACKING pc=0x000001a43a29007c sp=0x00000002952fdf50
Event: 0.949 Thread 0x000001a4482f6270 DEOPT UNPACKING pc=0x000001a439b469a3 sp=0x00000002952fdf28 mode 2
Event: 0.962 Thread 0x000001a4482f6270 DEOPT PACKING pc=0x000001a43275dfba sp=0x00000002952fdb70
Event: 0.962 Thread 0x000001a4482f6270 DEOPT UNPACKING pc=0x000001a439b47143 sp=0x00000002952fcfe8 mode 0

Classes unloaded (0 events):
No events

Classes redefined (0 events):
No events

Internal exceptions (20 events):
Event: 0.320 Thread 0x000001a42d63dff0 Exception <a 'java/lang/NoSuchMethodError'{0x00000000d8c9cd58}: 'java.lang.Object java.lang.invoke.DirectMethodHandle$Holder.invokeStaticInit(java.lang.Object, int, int, int, int)'> (0x00000000d8c9cd58) 
thrown [s\src\hotspot\share\interpreter\linkResolver.cpp, line 771]
Event: 0.354 Thread 0x000001a42d63dff0 Exception <a 'java/lang/NoSuchMethodError'{0x00000000d8b0bc18}: 'java.lang.Object java.lang.invoke.DirectMethodHandle$Holder.invokeStaticInit(java.lang.Object, java.lang.Object, int, int, int, int)'> (0x00000000d8b0bc18) 
thrown [s\src\hotspot\share\interpreter\linkResolver.cpp, line 771]
Event: 0.369 Thread 0x000001a42d63dff0 Exception <a 'java/lang/NoSuchMethodError'{0x00000000d8b45358}: 'void java.lang.invoke.DirectMethodHandle$Holder.invokeStatic(java.lang.Object, java.lang.Object)'> (0x00000000d8b45358) 
thrown [s\src\hotspot\share\interpreter\linkResolver.cpp, line 771]
Event: 0.391 Thread 0x000001a42d63dff0 Exception <a 'java/lang/NoSuchMethodError'{0x00000000d8914690}: 'java.lang.Object java.lang.invoke.Invokers$Holder.linkToTargetMethod(java.lang.Object, long, java.lang.Object)'> (0x00000000d8914690) 
thrown [s\src\hotspot\share\interpreter\linkResolver.cpp, line 771]
Event: 0.419 Thread 0x000001a4482f6270 Exception <a 'java/lang/NoSuchMethodError'{0x00000000d8825fb8}: static [B.<clinit>()V> (0x00000000d8825fb8) 
thrown [s\src\hotspot\share\prims\jni.cpp, line 1108]
Event: 0.428 Thread 0x000001a4482f6270 Exception <a 'java/lang/NoSuchMethodError'{0x00000000d88574e8}: static [Ljava/rmi/server/ObjID;.<clinit>()V> (0x00000000d88574e8) 
thrown [s\src\hotspot\share\prims\jni.cpp, line 1108]
Event: 0.430 Thread 0x000001a4482f6c10 Exception <a 'java/lang/InterruptedException'{0x00000000d88ec138}> (0x00000000d88ec138) 
thrown [s\src\hotspot\share\runtime\objectMonitor.cpp, line 1648]
Event: 0.431 Thread 0x000001a4482f6c10 Exception <a 'java/lang/NoSuchMethodError'{0x00000000d88f48d8}: 'java.lang.Object java.lang.invoke.DirectMethodHandle$Holder.newInvokeSpecial(java.lang.Object, java.lang.Object, int, java.lang.Object, long)'> (0x00000000d88f48d8) 
thrown [s\src\hotspot\share\interpreter\linkResolver.cpp, line 771]
Event: 0.478 Thread 0x000001a4482f6270 Exception <a 'java/lang/NoSuchMethodError'{0x00000000d8522300}: 'java.lang.Object java.lang.invoke.DirectMethodHandle$Holder.invokeInterface(java.lang.Object, java.lang.Object)'> (0x00000000d8522300) 
thrown [s\src\hotspot\share\interpreter\linkResolver.cpp, line 771]
Event: 0.494 Thread 0x000001a4482f6270 Exception <a 'java/lang/NoSuchMethodError'{0x00000000d859fbd8}: 'void java.lang.invoke.DirectMethodHandle$Holder.invokeSpecial(java.lang.Object, java.lang.Object, java.lang.Object)'> (0x00000000d859fbd8) 
thrown [s\src\hotspot\share\interpreter\linkResolver.cpp, line 771]
Event: 0.495 Thread 0x000001a4482f6270 Exception <a 'java/lang/NoSuchMethodError'{0x00000000d85a65f8}: 'void java.lang.invoke.DirectMethodHandle$Holder.invokeStatic(java.lang.Object, java.lang.Object, java.lang.Object)'> (0x00000000d85a65f8) 
thrown [s\src\hotspot\share\interpreter\linkResolver.cpp, line 771]
Event: 0.496 Thread 0x000001a4482f6270 Exception <a 'java/lang/NoSuchMethodError'{0x00000000d85b09f8}: 'java.lang.Object java.lang.invoke.DirectMethodHandle$Holder.invokeVirtual(java.lang.Object, java.lang.Object, java.lang.Object)'> (0x00000000d85b09f8) 
thrown [s\src\hotspot\share\interpreter\linkResolver.cpp, line 771]
Event: 0.561 Thread 0x000001a4482f6270 Exception <a 'java/lang/NoSuchMethodError'{0x00000000d81ceb08}: 'void java.lang.invoke.DirectMethodHandle$Holder.invokeStaticInit(java.lang.Object, java.lang.Object)'> (0x00000000d81ceb08) 
thrown [s\src\hotspot\share\interpreter\linkResolver.cpp, line 771]
Event: 0.611 Thread 0x000001a4482f6270 Exception <a 'sun/nio/fs/WindowsException'{0x00000000d7fe2808}> (0x00000000d7fe2808) 
thrown [s\src\hotspot\share\prims\jni.cpp, line 517]
Event: 0.620 Thread 0x000001a4482f6270 Exception <a 'java/lang/NoSuchMethodError'{0x00000000d7e087b8}: 'int java.lang.invoke.DirectMethodHandle$Holder.invokeStaticInit(java.lang.Object, java.lang.Object, java.lang.Object, java.lang.Object)'> (0x00000000d7e087b8) 
thrown [s\src\hotspot\share\interpreter\linkResolver.cpp, line 771]
Event: 0.621 Thread 0x000001a4482f6270 Exception <a 'java/lang/IncompatibleClassChangeError'{0x00000000d7e11cc0}: Found class java.lang.Object, but interface was expected> (0x00000000d7e11cc0) 
thrown [s\src\hotspot\share\interpreter\linkResolver.cpp, line 838]
Event: 0.622 Thread 0x000001a4482f6270 Exception <a 'java/lang/NoSuchMethodError'{0x00000000d7e1ba38}: 'int java.lang.invoke.DirectMethodHandle$Holder.invokeStaticInit(java.lang.Object, java.lang.Object)'> (0x00000000d7e1ba38) 
thrown [s\src\hotspot\share\interpreter\linkResolver.cpp, line 771]
Event: 0.845 Thread 0x000001a4482f6270 Implicit null exception at 0x000001a43a278df5 to 0x000001a43a2794fc
Event: 0.845 Thread 0x000001a4482f6270 Exception <a 'java/lang/NoSuchMethodError'{0x00000000d8e35ea0}: 'java.lang.Object java.lang.invoke.DirectMethodHandle$Holder.newInvokeSpecial(java.lang.Object, java.lang.Object, int)'> (0x00000000d8e35ea0) 
thrown [s\src\hotspot\share\interpreter\linkResolver.cpp, line 771]
Event: 0.949 Thread 0x000001a4482f6270 Implicit null exception at 0x000001a43a28f972 to 0x000001a43a290064

VM Operations (20 events):
Event: 0.148 Executing VM operation: HandshakeAllThreads
Event: 0.148 Executing VM operation: HandshakeAllThreads done
Event: 0.277 Executing VM operation: HandshakeAllThreads
Event: 0.277 Executing VM operation: HandshakeAllThreads done
Event: 0.310 Executing VM operation: HandshakeAllThreads
Event: 0.310 Executing VM operation: HandshakeAllThreads done
Event: 0.592 Executing VM operation: HandshakeAllThreads
Event: 0.592 Executing VM operation: HandshakeAllThreads done
Event: 0.617 Executing VM operation: HandshakeAllThreads
Event: 0.617 Executing VM operation: HandshakeAllThreads done
Event: 0.621 Executing VM operation: ICBufferFull
Event: 0.621 Executing VM operation: ICBufferFull done
Event: 0.722 Executing VM operation: HandshakeAllThreads
Event: 0.722 Executing VM operation: HandshakeAllThreads done
Event: 0.738 Executing VM operation: CollectForMetadataAllocation
Event: 0.743 Executing VM operation: CollectForMetadataAllocation done
Event: 0.744 Executing VM operation: G1Concurrent
Event: 0.745 Executing VM operation: G1Concurrent done
Event: 0.746 Executing VM operation: G1Concurrent
Event: 0.746 Executing VM operation: G1Concurrent done

Events (20 events):
Event: 0.841 loading class sun/util/resources/Bundles$BundleReference
Event: 0.841 loading class sun/util/resources/Bundles$CacheKeyReference
Event: 0.841 loading class sun/util/resources/Bundles$CacheKeyReference done
Event: 0.841 loading class sun/util/resources/Bundles$BundleReference done
Event: 0.841 loading class sun/util/locale/provider/LocaleResources$ResourceReference
Event: 0.841 loading class sun/util/locale/provider/LocaleResources$ResourceReference done
Event: 0.843 loading class java/time/format/DateTimeParseException
Event: 0.843 loading class java/time/DateTimeException
Event: 0.843 loading class java/time/DateTimeException done
Event: 0.843 loading class java/time/format/DateTimeParseException done
Event: 0.872 loading class jdk/internal/reflect/UnsafeQualifiedStaticObjectFieldAccessorImpl
Event: 0.872 loading class jdk/internal/reflect/UnsafeQualifiedStaticObjectFieldAccessorImpl done
Event: 0.872 loading class java/util/stream/IntStream
Event: 0.873 loading class java/util/stream/IntStream done
Event: 0.873 loading class java/nio/charset/CharacterCodingException
Event: 0.873 loading class java/nio/charset/CharacterCodingException done
Event: 0.920 loading class java/util/AbstractList$ListItr
Event: 0.920 loading class java/util/AbstractList$ListItr done
Event: 0.927 loading class java/util/function/UnaryOperator
Event: 0.927 loading class java/util/function/UnaryOperator done


Dynamic libraries:
0x00007ff778ba0000 - 0x00007ff778baa000 	D:\idea\IntelliJ IDEA 2022.3.3\jbr\bin\java.exe
0x00007ff9287f0000 - 0x00007ff9289e8000 	C:\Windows\SYSTEM32\ntdll.dll
0x00007ff9270d0000 - 0x00007ff92718f000 	C:\Windows\System32\KERNEL32.DLL
0x00007ff926130000 - 0x00007ff926402000 	C:\Windows\System32\KERNELBASE.dll
0x00007ff8f1710000 - 0x00007ff8f1734000 	C:\Windows\System32\ghijt64win10.dll
0x00007ff9274e0000 - 0x00007ff92758e000 	C:\Windows\System32\ADVAPI32.dll
0x00007ff927330000 - 0x00007ff9273ce000 	C:\Windows\System32\msvcrt.dll
0x00007ff928430000 - 0x00007ff9284cc000 	C:\Windows\System32\sechost.dll
0x00007ff928680000 - 0x00007ff9287a4000 	C:\Windows\System32\RPCRT4.dll
0x00007ff9265e0000 - 0x00007ff9266e0000 	C:\Windows\System32\ucrtbase.dll
0x00007ff920130000 - 0x00007ff92014b000 	D:\idea\IntelliJ IDEA 2022.3.3\jbr\bin\VCRUNTIME140.dll
0x00007ff912c80000 - 0x00007ff912c97000 	D:\idea\IntelliJ IDEA 2022.3.3\jbr\bin\jli.dll
0x00007ff927630000 - 0x00007ff9277d1000 	C:\Windows\System32\USER32.dll
0x00007ff926100000 - 0x00007ff926122000 	C:\Windows\System32\win32u.dll
0x00007ff90d9f0000 - 0x00007ff90dc8a000 	C:\Windows\WinSxS\amd64_microsoft.windows.common-controls_6595b64144ccf1df_6.0.19041.1110_none_60b5254171f9507e\COMCTL32.dll
0x00007ff927600000 - 0x00007ff92762b000 	C:\Windows\System32\GDI32.dll
0x00007ff926410000 - 0x00007ff92651f000 	C:\Windows\System32\gdi32full.dll
0x00007ff925f80000 - 0x00007ff92601d000 	C:\Windows\System32\msvcp_win.dll
0x00007ff8f1aa0000 - 0x00007ff8f1ac8000 	C:\Program Files (x86)\Qianxin\Tianqing\hookbase\x64\VCOMP140.DLL
0x00007ff927430000 - 0x00007ff927460000 	C:\Windows\System32\IMM32.DLL
0x00007ff923150000 - 0x00007ff92315c000 	D:\idea\IntelliJ IDEA 2022.3.3\jbr\bin\vcruntime140_1.dll
0x00007ff8eadc0000 - 0x00007ff8eae4d000 	D:\idea\IntelliJ IDEA 2022.3.3\jbr\bin\msvcp140.dll
0x00007ff8ca2a0000 - 0x00007ff8caf0d000 	D:\idea\IntelliJ IDEA 2022.3.3\jbr\bin\server\jvm.dll
0x00007ff9230e0000 - 0x00007ff9230e9000 	C:\Windows\SYSTEM32\WSOCK32.dll
0x00007ff917de0000 - 0x00007ff917e07000 	C:\Windows\SYSTEM32\WINMM.dll
0x00007ff91e8e0000 - 0x00007ff91e8ea000 	C:\Windows\SYSTEM32\VERSION.dll
0x00007ff927590000 - 0x00007ff9275fb000 	C:\Windows\System32\WS2_32.dll
0x00007ff924790000 - 0x00007ff9247a2000 	C:\Windows\SYSTEM32\kernel.appcore.dll
0x00007ff920170000 - 0x00007ff92017a000 	D:\idea\IntelliJ IDEA 2022.3.3\jbr\bin\jimage.dll
0x00007ff923d80000 - 0x00007ff923f64000 	C:\Windows\SYSTEM32\DBGHELP.DLL
0x00007ff905530000 - 0x00007ff905565000 	C:\Windows\SYSTEM32\dbgcore.DLL
0x00007ff925ef0000 - 0x00007ff925f72000 	C:\Windows\System32\bcryptPrimitives.dll
0x00007ff91b770000 - 0x00007ff91b795000 	D:\idea\IntelliJ IDEA 2022.3.3\jbr\bin\java.dll
0x00007ff91fb50000 - 0x00007ff91fb68000 	D:\idea\IntelliJ IDEA 2022.3.3\jbr\bin\zip.dll
0x00007ff926840000 - 0x00007ff926f85000 	C:\Windows\System32\SHELL32.dll
0x00007ff923f90000 - 0x00007ff924722000 	C:\Windows\SYSTEM32\windows.storage.dll
0x00007ff9277e0000 - 0x00007ff927b35000 	C:\Windows\System32\combase.dll
0x00007ff925950000 - 0x00007ff925980000 	C:\Windows\SYSTEM32\Wldp.dll
0x00007ff927c00000 - 0x00007ff927cad000 	C:\Windows\System32\SHCORE.dll
0x00007ff9273d0000 - 0x00007ff927425000 	C:\Windows\System32\shlwapi.dll
0x00007ff925e30000 - 0x00007ff925e4f000 	C:\Windows\SYSTEM32\profapi.dll
0x00007ff912e10000 - 0x00007ff912e29000 	D:\idea\IntelliJ IDEA 2022.3.3\jbr\bin\net.dll
0x00007ff920da0000 - 0x00007ff920eaa000 	C:\Windows\SYSTEM32\WINHTTP.dll
0x00007ff9256b0000 - 0x00007ff92571a000 	C:\Windows\system32\mswsock.dll
0x00007ff912df0000 - 0x00007ff912e06000 	D:\idea\IntelliJ IDEA 2022.3.3\jbr\bin\nio.dll
0x00007ff8e2d10000 - 0x00007ff8e2ea3000 	D:\idea\IntelliJ IDEA 2022.3.3\jbr\bin\awt.dll
0x00007ff9281b0000 - 0x00007ff92827d000 	C:\Windows\System32\OLEAUT32.dll
0x00007ff9236f0000 - 0x00007ff92371f000 	C:\Windows\SYSTEM32\dwmapi.dll
0x00007ff923320000 - 0x00007ff9233b0000 	C:\Windows\SYSTEM32\apphelp.dll
0x00007ff9235a0000 - 0x00007ff92363e000 	C:\Windows\system32\uxtheme.dll
0x00007ff8dc340000 - 0x00007ff8dc514000 	C:\Program Files (x86)\DLP\dlp3.0\SrjdDll64.dll
0x00007ff926ff0000 - 0x00007ff9270ca000 	C:\Windows\System32\COMDLG32.dll
0x00007ff928550000 - 0x00007ff92867a000 	C:\Windows\System32\ole32.dll
0x00007ff905ee0000 - 0x00007ff905f78000 	C:\Windows\SYSTEM32\WINSPOOL.DRV
0x00007ff9272b0000 - 0x00007ff9272cd000 	C:\Windows\System32\imagehlp.dll
0x00007ff8fff50000 - 0x00007ff900429000 	C:\Windows\SYSTEM32\WININET.dll
0x00007ff927190000 - 0x00007ff9272a4000 	C:\Windows\System32\MSCTF.dll
0x00007ff925350000 - 0x00007ff92538b000 	C:\Windows\SYSTEM32\IPHLPAPI.DLL
0x00007ff9274d0000 - 0x00007ff9274d8000 	C:\Windows\System32\NSI.dll
0x00007ff9206e0000 - 0x00007ff9206f7000 	C:\Windows\SYSTEM32\dhcpcsvc6.DLL
0x00007ff920580000 - 0x00007ff92059d000 	C:\Windows\SYSTEM32\dhcpcsvc.DLL
0x00007ff9253a0000 - 0x00007ff92546b000 	C:\Windows\SYSTEM32\DNSAPI.dll
0x00007ff9258a0000 - 0x00007ff9258b8000 	C:\Windows\SYSTEM32\CRYPTSP.dll
0x00007ff924f60000 - 0x00007ff924f94000 	C:\Windows\system32\rsaenh.dll
0x00007ff926020000 - 0x00007ff926047000 	C:\Windows\System32\bcrypt.dll
0x00007ff925db0000 - 0x00007ff925dde000 	C:\Windows\SYSTEM32\USERENV.dll
0x00007ff9258c0000 - 0x00007ff9258cc000 	C:\Windows\SYSTEM32\CRYPTBASE.dll
0x00007ff9111d0000 - 0x00007ff9111d7000 	D:\idea\IntelliJ IDEA 2022.3.3\jbr\bin\rmi.dll
0x00007ff91f6b0000 - 0x00007ff91f6ba000 	C:\Windows\System32\rasadhlp.dll
0x00007ff920eb0000 - 0x00007ff920f30000 	C:\Windows\System32\fwpuclnt.dll
0x00007ff925de0000 - 0x00007ff925e12000 	C:\Windows\SYSTEM32\SspiCli.dll
0x00007ff912e50000 - 0x00007ff912e5e000 	D:\idea\IntelliJ IDEA 2022.3.3\jbr\bin\sunmscapi.dll
0x00007ff9266e0000 - 0x00007ff926836000 	C:\Windows\System32\CRYPT32.dll
0x00007ff9259c0000 - 0x00007ff9259e7000 	C:\Windows\SYSTEM32\ncrypt.dll
0x00007ff925980000 - 0x00007ff9259bb000 	C:\Windows\SYSTEM32\NTASN1.dll

dbghelp: loaded successfully - version: 4.0.5 - missing functions: none
symbol engine: initialized successfully - sym options: 0x614 - pdb path: .;D:\idea\IntelliJ IDEA 2022.3.3\jbr\bin;C:\Windows\SYSTEM32;C:\Windows\WinSxS\amd64_microsoft.windows.common-controls_6595b64144ccf1df_6.0.19041.1110_none_60b5254171f9507e;C:\Program Files (x86)\Qianxin\Tianqing\hookbase\x64;D:\idea\IntelliJ IDEA 2022.3.3\jbr\bin\server;C:\Program Files (x86)\DLP\dlp3.0

VM Arguments:
jvm_args: -Dawt.toolkit=com.intellij.desktop.DesktopActionsToolkit -Djava.rmi.server.hostname=127.0.0.1 -Duser.timezone=UTC -Xmx750m -Xms128m --add-exports=java.desktop/sun.awt=ALL-UNNAMED --add-exports=java.desktop/java.awt.peer=ALL-UNNAMED --add-opens=java.desktop/java.awt=ALL-UNNAMED --add-opens=jdk.unsupported/sun.misc=ALL-UNNAMED --add-opens=java.base/java.nio=ALL-UNNAMED --add-opens=java.base/java.util=ALL-UNNAMED -Dfile.encoding=UTF-8 
java_command: com.intellij.database.remote.RemoteJdbcServer com.mysql.cj.jdbc.Driver
java_class_path (initial): D:\idea\IntelliJ IDEA 2022.3.3\lib\util_rt.jar;D:\idea\IntelliJ IDEA 2022.3.3\lib\3rd-party-rt.jar;D:\idea\IntelliJ IDEA 2022.3.3\lib\groovy.jar;D:\idea\IntelliJ IDEA 2022.3.3\plugins\DatabaseTools\lib\jdbc-console.jar;D:\idea\IntelliJ IDEA 2022.3.3\plugins\grid-core-impl\lib\jdbc-console-types.jar;D:\Users\zh.cui\AppData\Roaming\JetBrains\IntelliJIdea2022.3\jdbc-drivers\MySQL ConnectorJ\8.0.25\mysql-connector-java-8.0.25.jar
Launcher Type: SUN_STANDARD

[Global flags]
     intx CICompilerCount                          = 12                                        {product} {ergonomic}
     uint ConcGCThreads                            = 3                                         {product} {ergonomic}
     uint G1ConcRefinementThreads                  = 13                                        {product} {ergonomic}
   size_t G1HeapRegionSize                         = 1048576                                   {product} {ergonomic}
    uintx GCDrainStackTargetSize                   = 64                                        {product} {ergonomic}
   size_t InitialHeapSize                          = 134217728                                 {product} {command line}
   size_t MarkStackSize                            = 4194304                                   {product} {ergonomic}
   size_t MaxHeapSize                              = 786432000                                 {product} {command line}
   size_t MaxNewSize                               = 471859200                                 {product} {ergonomic}
   size_t MinHeapDeltaBytes                        = 1048576                                   {product} {ergonomic}
   size_t MinHeapSize                              = 134217728                                 {product} {command line}
    uintx NonNMethodCodeHeapSize                   = 7602480                                {pd product} {ergonomic}
    uintx NonProfiledCodeHeapSize                  = 122027880                              {pd product} {ergonomic}
    uintx ProfiledCodeHeapSize                     = 122027880                              {pd product} {ergonomic}
    uintx ReservedCodeCacheSize                    = 251658240                              {pd product} {ergonomic}
     bool SegmentedCodeCache                       = true                                      {product} {ergonomic}
   size_t SoftMaxHeapSize                          = 786432000                              {manageable} {ergonomic}
     bool UseCompressedClassPointers               = true                           {product lp64_product} {ergonomic}
     bool UseCompressedOops                        = true                           {product lp64_product} {ergonomic}
     bool UseG1GC                                  = true                                      {product} {ergonomic}
     bool UseLargePagesIndividualAllocation        = false                                  {pd product} {ergonomic}

Logging:
Log output configuration:
 #0: stdout all=warning uptime,level,tags
 #1: stderr all=off uptime,level,tags

Environment Variables:
JAVA_HOME=C:\Program Files\Temurin\jdk-8.0.302.8-hotspot
PATH=C:\Program Files\Temurin\jdk-8.0.302.8-hotspot\bin;C:\ProgramData\Oracle\Java\javapath;C:\Windows\system32;C:\Windows;C:\Windows\System32\Wbem;C:\Windows\System32\WindowsPowerShell\v1.0\;C:\Windows\System32\OpenSSH\;C:\Program Files\Git\cmd;D:\javautils\apache-maven-3.3.3\bin;D:\Users\zh.cui\AppData\Local\Microsoft\WindowsApps;;D:\idea\IntelliJ IDEA 2022.3.3\bin;;D:\Microsoft VS Code\bin
USERNAME=zh.cui
OS=Windows_NT
PROCESSOR_IDENTIFIER=AMD64 Family 25 Model 80 Stepping 0, AuthenticAMD
TMP=D:\Users\zh.cui\AppData\Local\Temp
TEMP=D:\Users\zh.cui\AppData\Local\Temp



---------------  S Y S T E M  ---------------

OS:
 Windows 10 , 64 bit Build 19041 (10.0.19041.2546)
OS uptime: 1 days 1:05 hours

CPU: total 16 (initial active 16) (16 cores per cpu, 2 threads per core) family 25 model 80 stepping 0 microcode 0x0, cx8, cmov, fxsr, ht, mmx, 3dnowpref, sse, sse2, sse3, ssse3, sse4a, sse4.1, sse4.2, popcnt, lzcnt, tsc, tscinvbit, avx, avx2, aes, erms, clmul, bmi1, bmi2, adx, sha, fma, vzeroupper, clflush, clflushopt

Memory: 4k page, system-wide physical 32065M (8873M free)
TotalPageFile size 36161M (AvailPageFile size 5M)
current process WorkingSet (physical memory assigned to process): 121M, peak: 121M
current process commit charge ("private bytes"): 262M, peak: 262M

vm_info: OpenJDK 64-Bit Server VM (17.0.6+1-b653.34) for windows-amd64 JRE (17.0.6+1-b653.34), built on 2023-02-24 by "builduser" with MS VC++ 16.10 / 16.11 (VS2019)

END.
